2026-07-03 00:21:08,701 INFO: Fastapi server received this query from nextjs: ps5
2026-07-03 00:21:08,710 INFO: Received text: ps5
2026-07-03 00:21:08,710 DEBUG: Using selector: SelectSelector
2026-07-03 00:21:09,032 INFO: https://www.amazon.in/s?k=ps5: Pinging amazon url
2026-07-03 00:21:09,032 INFO: Request attempt 1/4: GET https://www.amazon.in/s?k=ps5 (delay: 4.44s)
2026-07-03 00:21:14,941 INFO: Search url detected
2026-07-03 00:21:14,941 INFO: Starting product search
2026-07-03 00:21:14,941 INFO: Scraping search page 1/5: https://www.amazon.in/s?k=ps5
2026-07-03 00:21:15,469 INFO: Found 16 products on page 1
2026-07-03 00:21:15,668 INFO: Scraping search page 2/5: https://www.amazon.in/s?k=ps5&page=2&xpid=CMh4gHeazkSCQ&qid=1783018273&ref=sr_pg_1
2026-07-03 00:21:15,668 DEBUG: Using selector: SelectSelector
2026-07-03 00:21:15,965 INFO: https://www.amazon.in/s?k=ps5&page=2&xpid=CMh4gHeazkSCQ&qid=1783018273&ref=sr_pg_1: Pinging amazon url
2026-07-03 00:21:15,965 INFO: Request attempt 1/4: GET https://www.amazon.in/s?k=ps5&page=2&xpid=CMh4gHeazkSCQ&qid=1783018273&ref=sr_pg_1 (delay: 3.08s)
2026-07-03 00:21:19,294 INFO: https://www.amazon.in/s?k=ps5&page=2&xpid=CMh4gHeazkSCQ&qid=1783018273&ref=sr_pg_1: Pinging amazon url
2026-07-03 00:21:19,295 INFO: Request attempt 2/4: GET https://www.amazon.in/s?k=ps5&page=2&xpid=CMh4gHeazkSCQ&qid=1783018273&ref=sr_pg_1 (delay: 6.72s)
2026-07-03 00:21:26,460 INFO: https://www.amazon.in/s?k=ps5&page=2&xpid=CMh4gHeazkSCQ&qid=1783018273&ref=sr_pg_1: Pinging amazon url
2026-07-03 00:21:26,460 INFO: Request attempt 3/4: GET https://www.amazon.in/s?k=ps5&page=2&xpid=CMh4gHeazkSCQ&qid=1783018273&ref=sr_pg_1 (delay: 6.35s)
2026-07-03 00:21:33,015 INFO: https://www.amazon.in/s?k=ps5&page=2&xpid=CMh4gHeazkSCQ&qid=1783018273&ref=sr_pg_1: Pinging amazon url
2026-07-03 00:21:33,015 INFO: Request attempt 4/4: GET https://www.amazon.in/s?k=ps5&page=2&xpid=CMh4gHeazkSCQ&qid=1783018273&ref=sr_pg_1 (delay: 5.88s)
2026-07-03 00:21:39,053 ERROR: Received empty html or failed to fetch search page
2026-07-03 00:21:39,068 INFO: Search completed. Total products found: 16

