2026-07-03 21:49:59,319 INFO: Fastapi server received this query from nextjs: https://www.amazon.in/GARYVIZ-Security-Outdoor-Magnetic-Wireless/dp/B0H33214PV/ref=sr_1_8?sr=8-8
2026-07-03 21:49:59,320 INFO: Received an url: https://www.amazon.in/GARYVIZ-Security-Outdoor-Magnetic-Wireless/dp/B0H33214PV/ref=sr_1_8?sr=8-8
2026-07-03 21:49:59,320 DEBUG: Using selector: SelectSelector
2026-07-03 21:49:59,324 INFO: https://www.amazon.in/GARYVIZ-Security-Outdoor-Magnetic-Wireless/dp/B0H33214PV/ref=sr_1_8?sr=8-8: Pinging amazon url
2026-07-03 21:50:02,285 INFO: Warm-up request completed, cookies acquired
2026-07-03 21:50:02,286 INFO: Attempt 1: GET https://www.amazon.in/GARYVIZ-Security-Outdoor-Magnetic-Wireless/dp/B0H33214PV/ref=sr_1_8?sr=8-8
2026-07-03 21:50:03,870 INFO: Success: https://www.amazon.in/GARYVIZ-Security-Outdoor-Magnetic-Wireless/dp/B0H33214PV/ref=sr_1_8?sr=8-8 (status 200)
2026-07-03 21:50:03,961 INFO: Product url detected
2026-07-03 21:56:26,045 INFO: Fastapi server received this query from nextjs: https://www.amazon.in/GARYVIZ-Security-Outdoor-Magnetic-Wireless/dp/B0H33214PV/ref=sr_1_8?sr=8-8
2026-07-03 21:56:26,045 INFO: Received an url: https://www.amazon.in/GARYVIZ-Security-Outdoor-Magnetic-Wireless/dp/B0H33214PV/ref=sr_1_8?sr=8-8
2026-07-03 21:56:26,045 DEBUG: Using selector: SelectSelector
2026-07-03 21:56:26,045 INFO: https://www.amazon.in/GARYVIZ-Security-Outdoor-Magnetic-Wireless/dp/B0H33214PV/ref=sr_1_8?sr=8-8: Pinging amazon url
2026-07-03 21:56:28,478 INFO: Warm-up request completed, cookies acquired
2026-07-03 21:56:28,478 INFO: Attempt 1: GET https://www.amazon.in/GARYVIZ-Security-Outdoor-Magnetic-Wireless/dp/B0H33214PV/ref=sr_1_8?sr=8-8
2026-07-03 21:56:30,146 INFO: Success: https://www.amazon.in/GARYVIZ-Security-Outdoor-Magnetic-Wireless/dp/B0H33214PV/ref=sr_1_8?sr=8-8 (status 200)
2026-07-03 21:56:30,237 INFO: Product url detected
2026-07-03 22:04:52,243 INFO: Fastapi server received this query from nextjs: https://www.amazon.in/GARYVIZ-Security-Outdoor-Magnetic-Wireless/dp/B0H33214PV/ref=sr_1_8?sr=8-8
2026-07-03 22:04:52,243 INFO: Received an url: https://www.amazon.in/GARYVIZ-Security-Outdoor-Magnetic-Wireless/dp/B0H33214PV/ref=sr_1_8?sr=8-8
2026-07-03 22:04:52,243 DEBUG: Using selector: SelectSelector
2026-07-03 22:04:52,245 INFO: https://www.amazon.in/GARYVIZ-Security-Outdoor-Magnetic-Wireless/dp/B0H33214PV/ref=sr_1_8?sr=8-8: Pinging amazon url
2026-07-03 22:04:54,133 INFO: Warm-up request completed, cookies acquired
2026-07-03 22:04:54,133 INFO: Attempt 1: GET https://www.amazon.in/GARYVIZ-Security-Outdoor-Magnetic-Wireless/dp/B0H33214PV/ref=sr_1_8?sr=8-8
2026-07-03 22:04:55,858 INFO: Success: https://www.amazon.in/GARYVIZ-Security-Outdoor-Magnetic-Wireless/dp/B0H33214PV/ref=sr_1_8?sr=8-8 (status 200)
2026-07-03 22:04:55,940 INFO: Product url detected
2026-07-03 22:14:49,061 INFO: Fastapi server received this query from nextjs: https://www.amazon.in/GARYVIZ-Security-Outdoor-Magnetic-Wireless/dp/B0H33214PV/ref=sr_1_8?sr=8-8
2026-07-03 22:14:49,061 INFO: Received an url: https://www.amazon.in/GARYVIZ-Security-Outdoor-Magnetic-Wireless/dp/B0H33214PV/ref=sr_1_8?sr=8-8
2026-07-03 22:14:49,061 DEBUG: Using selector: SelectSelector
2026-07-03 22:14:49,077 INFO: https://www.amazon.in/GARYVIZ-Security-Outdoor-Magnetic-Wireless/dp/B0H33214PV/ref=sr_1_8?sr=8-8: Pinging amazon url
2026-07-03 22:14:51,742 INFO: Warm-up request completed, cookies acquired
2026-07-03 22:14:51,742 INFO: Attempt 1: GET https://www.amazon.in/GARYVIZ-Security-Outdoor-Magnetic-Wireless/dp/B0H33214PV/ref=sr_1_8?sr=8-8
2026-07-03 22:14:53,517 INFO: Success: https://www.amazon.in/GARYVIZ-Security-Outdoor-Magnetic-Wireless/dp/B0H33214PV/ref=sr_1_8?sr=8-8 (status 200)
2026-07-03 22:14:53,576 INFO: Product url detected
