2026-07-03 16:26:47,398 INFO: Fastapi server received this query from nextjs: ps5
2026-07-03 16:26:47,398 INFO: Received text: ps5
2026-07-03 16:26:47,398 DEBUG: Using selector: SelectSelector
2026-07-03 16:26:47,403 INFO: https://www.amazon.in/s?k=ps5: Pinging amazon url
2026-07-03 16:26:49,744 INFO: Warm-up request completed, cookies acquired
2026-07-03 16:26:49,744 INFO: Attempt 1: GET https://www.amazon.in/s?k=ps5
2026-07-03 16:26:50,808 INFO: Success: https://www.amazon.in/s?k=ps5 (status 200)
2026-07-03 16:26:51,095 INFO: Search url detected
2026-07-03 16:26:51,095 INFO: Starting product search
2026-07-03 16:26:51,095 INFO: Scraping search page 1/5: https://www.amazon.in/s?k=ps5
2026-07-03 16:26:51,442 INFO: Found 15 products on page 1
2026-07-03 16:26:51,573 INFO: Scraping search page 2/5: https://www.amazon.in/s?k=ps5&page=2&xpid=-BKlQD13Vi1fA&qid=1783076209&ref=sr_pg_1
2026-07-03 16:26:51,573 DEBUG: Using selector: SelectSelector
2026-07-03 16:26:51,573 INFO: https://www.amazon.in/s?k=ps5&page=2&xpid=-BKlQD13Vi1fA&qid=1783076209&ref=sr_pg_1: Pinging amazon url
2026-07-03 16:26:54,621 INFO: Warm-up request completed, cookies acquired
2026-07-03 16:26:54,621 INFO: Attempt 1: GET https://www.amazon.in/s?k=ps5&page=2&xpid=-BKlQD13Vi1fA&qid=1783076209&ref=sr_pg_1
2026-07-03 16:26:55,718 INFO: Success: https://www.amazon.in/s?k=ps5&page=2&xpid=-BKlQD13Vi1fA&qid=1783076209&ref=sr_pg_1 (status 200)
2026-07-03 16:26:56,150 INFO: Found 16 products on page 2
2026-07-03 16:26:56,280 INFO: Scraping search page 3/5: https://www.amazon.in/s?k=ps5&page=3&qid=1783076214&xpid=-BKlQD13Vi1fA&ref=sr_pg_2
2026-07-03 16:26:56,280 DEBUG: Using selector: SelectSelector
2026-07-03 16:26:56,285 INFO: https://www.amazon.in/s?k=ps5&page=3&qid=1783076214&xpid=-BKlQD13Vi1fA&ref=sr_pg_2: Pinging amazon url
2026-07-03 16:26:58,899 INFO: Warm-up request completed, cookies acquired
2026-07-03 16:26:58,899 INFO: Attempt 1: GET https://www.amazon.in/s?k=ps5&page=3&qid=1783076214&xpid=-BKlQD13Vi1fA&ref=sr_pg_2
2026-07-03 16:27:00,247 INFO: Success: https://www.amazon.in/s?k=ps5&page=3&qid=1783076214&xpid=-BKlQD13Vi1fA&ref=sr_pg_2 (status 200)
2026-07-03 16:27:00,603 INFO: Found 16 products on page 3
2026-07-03 16:27:00,732 INFO: Scraping search page 4/5: https://www.amazon.in/s?k=ps5&page=4&qid=1783076218&xpid=-BKlQD13Vi1fA&ref=sr_pg_3
2026-07-03 16:27:00,732 DEBUG: Using selector: SelectSelector
2026-07-03 16:27:00,732 INFO: https://www.amazon.in/s?k=ps5&page=4&qid=1783076218&xpid=-BKlQD13Vi1fA&ref=sr_pg_3: Pinging amazon url
2026-07-03 16:27:03,634 INFO: Warm-up request completed, cookies acquired
2026-07-03 16:27:03,634 INFO: Attempt 1: GET https://www.amazon.in/s?k=ps5&page=4&qid=1783076218&xpid=-BKlQD13Vi1fA&ref=sr_pg_3
2026-07-03 16:27:04,928 INFO: Success: https://www.amazon.in/s?k=ps5&page=4&qid=1783076218&xpid=-BKlQD13Vi1fA&ref=sr_pg_3 (status 200)
2026-07-03 16:27:05,520 INFO: Found 16 products on page 4
2026-07-03 16:27:05,708 INFO: Scraping search page 5/5: https://www.amazon.in/s?k=ps5&page=5&qid=1783076223&xpid=-BKlQD13Vi1fA&ref=sr_pg_4
2026-07-03 16:27:05,708 DEBUG: Using selector: SelectSelector
2026-07-03 16:27:05,724 INFO: https://www.amazon.in/s?k=ps5&page=5&qid=1783076223&xpid=-BKlQD13Vi1fA&ref=sr_pg_4: Pinging amazon url
2026-07-03 16:27:07,843 INFO: Warm-up request completed, cookies acquired
2026-07-03 16:27:07,843 INFO: Attempt 1: GET https://www.amazon.in/s?k=ps5&page=5&qid=1783076223&xpid=-BKlQD13Vi1fA&ref=sr_pg_4
2026-07-03 16:27:08,999 INFO: Success: https://www.amazon.in/s?k=ps5&page=5&qid=1783076223&xpid=-BKlQD13Vi1fA&ref=sr_pg_4 (status 200)
2026-07-03 16:27:09,508 INFO: Found 16 products on page 5
2026-07-03 16:27:09,509 INFO: Search completed. Total products found: 79

2026-07-03 16:27:58,961 INFO: Fastapi server received this query from nextjs: ray ban meta glasses
2026-07-03 16:27:58,964 INFO: Received text: ray ban meta glasses
2026-07-03 16:27:58,966 DEBUG: Using selector: SelectSelector
2026-07-03 16:27:58,968 INFO: https://www.amazon.in/s?k=ray+ban+meta+glasses: Pinging amazon url
2026-07-03 16:28:01,425 INFO: Warm-up request completed, cookies acquired
2026-07-03 16:28:01,425 INFO: Attempt 1: GET https://www.amazon.in/s?k=ray+ban+meta+glasses
2026-07-03 16:28:02,606 INFO: Success: https://www.amazon.in/s?k=ray+ban+meta+glasses (status 200)
2026-07-03 16:28:02,832 INFO: Search url detected
2026-07-03 16:28:02,832 INFO: Starting product search
2026-07-03 16:28:02,832 INFO: Scraping search page 1/5: https://www.amazon.in/s?k=ray+ban+meta+glasses
2026-07-03 16:28:03,694 INFO: Found 16 products on page 1
2026-07-03 16:28:04,159 INFO: Scraping search page 2/5: https://www.amazon.in/s?k=ray+ban+meta+glasses&page=2&xpid=UIrC3XZI7aGlP&qid=1783076281&ref=sr_pg_1
2026-07-03 16:28:04,161 DEBUG: Using selector: SelectSelector
2026-07-03 16:28:04,161 INFO: https://www.amazon.in/s?k=ray+ban+meta+glasses&page=2&xpid=UIrC3XZI7aGlP&qid=1783076281&ref=sr_pg_1: Pinging amazon url
2026-07-03 16:28:07,202 INFO: Warm-up request completed, cookies acquired
2026-07-03 16:28:07,202 INFO: Attempt 1: GET https://www.amazon.in/s?k=ray+ban+meta+glasses&page=2&xpid=UIrC3XZI7aGlP&qid=1783076281&ref=sr_pg_1
2026-07-03 16:28:08,301 INFO: Success: https://www.amazon.in/s?k=ray+ban+meta+glasses&page=2&xpid=UIrC3XZI7aGlP&qid=1783076281&ref=sr_pg_1 (status 200)
2026-07-03 16:28:08,879 INFO: Found 16 products on page 2
2026-07-03 16:28:09,203 INFO: Scraping search page 3/5: https://www.amazon.in/s?k=ray+ban+meta+glasses&page=3&qid=1783076287&xpid=UIrC3XZI7aGlP&ref=sr_pg_2
2026-07-03 16:28:09,203 DEBUG: Using selector: SelectSelector
2026-07-03 16:28:09,205 INFO: https://www.amazon.in/s?k=ray+ban+meta+glasses&page=3&qid=1783076287&xpid=UIrC3XZI7aGlP&ref=sr_pg_2: Pinging amazon url
2026-07-03 16:28:11,121 INFO: Warm-up request completed, cookies acquired
2026-07-03 16:28:11,121 INFO: Attempt 1: GET https://www.amazon.in/s?k=ray+ban+meta+glasses&page=3&qid=1783076287&xpid=UIrC3XZI7aGlP&ref=sr_pg_2
2026-07-03 16:28:12,360 INFO: Success: https://www.amazon.in/s?k=ray+ban+meta+glasses&page=3&qid=1783076287&xpid=UIrC3XZI7aGlP&ref=sr_pg_2 (status 200)
2026-07-03 16:28:13,281 INFO: Found 16 products on page 3
2026-07-03 16:28:13,428 INFO: Scraping search page 4/5: https://www.amazon.in/s?k=ray+ban+meta+glasses&page=4&qid=1783076290&xpid=UIrC3XZI7aGlP&ref=sr_pg_3
2026-07-03 16:28:13,428 DEBUG: Using selector: SelectSelector
2026-07-03 16:28:13,428 INFO: https://www.amazon.in/s?k=ray+ban+meta+glasses&page=4&qid=1783076290&xpid=UIrC3XZI7aGlP&ref=sr_pg_3: Pinging amazon url
2026-07-03 16:28:15,972 INFO: Warm-up request completed, cookies acquired
2026-07-03 16:28:15,972 INFO: Attempt 1: GET https://www.amazon.in/s?k=ray+ban+meta+glasses&page=4&qid=1783076290&xpid=UIrC3XZI7aGlP&ref=sr_pg_3
2026-07-03 16:28:17,182 INFO: Success: https://www.amazon.in/s?k=ray+ban+meta+glasses&page=4&qid=1783076290&xpid=UIrC3XZI7aGlP&ref=sr_pg_3 (status 200)
2026-07-03 16:28:17,688 INFO: Found 16 products on page 4
2026-07-03 16:28:17,837 INFO: Scraping search page 5/5: https://www.amazon.in/s?k=ray+ban+meta+glasses&page=5&qid=1783076295&xpid=UIrC3XZI7aGlP&ref=sr_pg_4
2026-07-03 16:28:17,837 DEBUG: Using selector: SelectSelector
2026-07-03 16:28:17,837 INFO: https://www.amazon.in/s?k=ray+ban+meta+glasses&page=5&qid=1783076295&xpid=UIrC3XZI7aGlP&ref=sr_pg_4: Pinging amazon url
2026-07-03 16:28:20,025 INFO: Warm-up request completed, cookies acquired
2026-07-03 16:28:20,025 INFO: Attempt 1: GET https://www.amazon.in/s?k=ray+ban+meta+glasses&page=5&qid=1783076295&xpid=UIrC3XZI7aGlP&ref=sr_pg_4
2026-07-03 16:28:21,110 INFO: Success: https://www.amazon.in/s?k=ray+ban+meta+glasses&page=5&qid=1783076295&xpid=UIrC3XZI7aGlP&ref=sr_pg_4 (status 200)
2026-07-03 16:28:21,698 INFO: Found 15 products on page 5
2026-07-03 16:28:21,699 INFO: Search completed. Total products found: 79

2026-07-03 16:29:58,468 INFO: Fastapi server received this query from nextjs: https://www.amazon.in/Meta-Wayfarer-Ultra-Wide-Recording-Bluetooth/dp/B0G24PX37V/ref=sr_1_4?nsdOptOutParam=true&sr=8-4
2026-07-03 16:29:58,470 INFO: Received an url: https://www.amazon.in/Meta-Wayfarer-Ultra-Wide-Recording-Bluetooth/dp/B0G24PX37V/ref=sr_1_4?nsdOptOutParam=true&sr=8-4
2026-07-03 16:29:58,470 DEBUG: Using selector: SelectSelector
2026-07-03 16:29:58,472 INFO: https://www.amazon.in/Meta-Wayfarer-Ultra-Wide-Recording-Bluetooth/dp/B0G24PX37V/ref=sr_1_4?nsdOptOutParam=true&sr=8-4: Pinging amazon url
2026-07-03 16:30:01,309 INFO: Warm-up request completed, cookies acquired
2026-07-03 16:30:01,309 INFO: Attempt 1: GET https://www.amazon.in/Meta-Wayfarer-Ultra-Wide-Recording-Bluetooth/dp/B0G24PX37V/ref=sr_1_4?nsdOptOutParam=true&sr=8-4
2026-07-03 16:30:15,562 INFO: Success: https://www.amazon.in/Meta-Wayfarer-Ultra-Wide-Recording-Bluetooth/dp/B0G24PX37V/ref=sr_1_4?nsdOptOutParam=true&sr=8-4 (status 200)
2026-07-03 16:30:15,810 INFO: Product url detected
2026-07-03 16:32:53,240 INFO: Fastapi server received this query from nextjs: https://www.amazon.in/Meta-Wayfarer-Ultra-Wide-Recording-Bluetooth/dp/B0G24PX37V/ref=sr_1_4?nsdOptOutParam=true&sr=8-4
2026-07-03 16:32:53,245 INFO: Received an url: https://www.amazon.in/Meta-Wayfarer-Ultra-Wide-Recording-Bluetooth/dp/B0G24PX37V/ref=sr_1_4?nsdOptOutParam=true&sr=8-4
2026-07-03 16:32:53,247 DEBUG: Using selector: SelectSelector
2026-07-03 16:32:53,259 INFO: https://www.amazon.in/Meta-Wayfarer-Ultra-Wide-Recording-Bluetooth/dp/B0G24PX37V/ref=sr_1_4?nsdOptOutParam=true&sr=8-4: Pinging amazon url
2026-07-03 16:32:55,807 INFO: Warm-up request completed, cookies acquired
2026-07-03 16:32:55,807 INFO: Attempt 1: GET https://www.amazon.in/Meta-Wayfarer-Ultra-Wide-Recording-Bluetooth/dp/B0G24PX37V/ref=sr_1_4?nsdOptOutParam=true&sr=8-4
2026-07-03 16:32:57,691 INFO: Success: https://www.amazon.in/Meta-Wayfarer-Ultra-Wide-Recording-Bluetooth/dp/B0G24PX37V/ref=sr_1_4?nsdOptOutParam=true&sr=8-4 (status 200)
2026-07-03 16:32:57,938 INFO: Product url detected
