2026-07-04 15:37:06,725 INFO: Fastapi server received this query from nextjs: ps5
2026-07-04 15:37:06,725 INFO: Received text: ps5
2026-07-04 15:37:06,725 DEBUG: Using selector: SelectSelector
2026-07-04 15:37:06,734 INFO: https://www.amazon.com/s?k=ps5: Pinging amazon url
2026-07-04 15:37:11,829 INFO: Warm-up request completed, cookies acquired, delay - {warmup_delay}
2026-07-04 15:37:11,829 INFO: Attempt 1: GET https://www.amazon.com/s?k=ps5
2026-07-04 15:37:12,969 ERROR: Network error on attempt 1: Failed to perform, curl: (35) TLS connect error: error:00000000:invalid library (0):OPENSSL_internal:invalid library (0). See https://curl.se/libcurl/c/libcurl-errors.html first for more details.
2026-07-04 15:37:18,520 INFO: https://www.amazon.com/s?k=ps5: Pinging amazon url
2026-07-04 15:37:18,522 INFO: Retry attempt 2/4, waiting 5.75s
2026-07-04 15:37:24,270 INFO: Attempt 2: GET https://www.amazon.com/s?k=ps5
2026-07-04 15:37:27,825 INFO: Success: https://www.amazon.com/s?k=ps5 (status 200)
2026-07-04 15:37:27,825 INFO: Estimated size of response - 1046.9775390625 KB
2026-07-04 15:37:27,915 INFO: Search url detected
2026-07-04 15:37:27,915 INFO: Starting product search
2026-07-04 15:37:27,921 INFO: Scraping search page 1/5: https://www.amazon.com/s?k=ps5
2026-07-04 15:37:28,728 INFO: Found 14 products on page 1
2026-07-04 15:37:28,946 INFO: Scraping search page 2/5: https://www.amazon.com/s?k=ps5&page=2&xpid=zZu6jK4zs29Wc&qid=1783159646&ref=sr_pg_1
2026-07-04 15:37:28,946 DEBUG: Using selector: SelectSelector
2026-07-04 15:37:28,946 INFO: https://www.amazon.com/s?k=ps5&page=2&xpid=zZu6jK4zs29Wc&qid=1783159646&ref=sr_pg_1: Pinging amazon url
2026-07-04 15:37:34,253 INFO: Warm-up request completed, cookies acquired, delay - {warmup_delay}
2026-07-04 15:37:34,253 INFO: Attempt 1: GET https://www.amazon.com/s?k=ps5&page=2&xpid=zZu6jK4zs29Wc&qid=1783159646&ref=sr_pg_1
2026-07-04 15:37:43,512 INFO: Success: https://www.amazon.com/s?k=ps5&page=2&xpid=zZu6jK4zs29Wc&qid=1783159646&ref=sr_pg_1 (status 200)
2026-07-04 15:37:43,516 INFO: Estimated size of response - 1593.892578125 KB
2026-07-04 15:37:44,129 INFO: Found 6 products on page 2
2026-07-04 15:37:44,415 INFO: Scraping search page 3/5: https://www.amazon.com/s?k=ps5&page=3&qid=1783159661&xpid=zZu6jK4zs29Wc&ref=sr_pg_2
2026-07-04 15:37:44,415 DEBUG: Using selector: SelectSelector
2026-07-04 15:37:44,417 INFO: https://www.amazon.com/s?k=ps5&page=3&qid=1783159661&xpid=zZu6jK4zs29Wc&ref=sr_pg_2: Pinging amazon url
2026-07-04 15:37:49,530 INFO: Warm-up request completed, cookies acquired, delay - {warmup_delay}
2026-07-04 15:37:49,530 INFO: Attempt 1: GET https://www.amazon.com/s?k=ps5&page=3&qid=1783159661&xpid=zZu6jK4zs29Wc&ref=sr_pg_2
2026-07-04 15:37:51,664 INFO: Success: https://www.amazon.com/s?k=ps5&page=3&qid=1783159661&xpid=zZu6jK4zs29Wc&ref=sr_pg_2 (status 200)
2026-07-04 15:37:51,666 INFO: Estimated size of response - 2.451171875 KB
2026-07-04 15:37:51,684 ERROR: No products found on page 3 (or page was blocked)
2026-07-04 15:37:51,684 INFO: Search completed. Total products found: 20

2026-07-04 15:37:51,684 INFO: Search url or query received
2026-07-04 15:37:51,684 INFO: Saving or updating 20 products
2026-07-04 15:37:51,684 INFO: ##1/20: Saving or updating product - B0966NLTZS
2026-07-04 15:37:51,698 INFO: B0966NLTZS: Product metadata is not available in table
2026-07-04 15:37:51,797 INFO: B0966NLTZS: Price of product is not tracked
2026-07-04 15:37:51,812 INFO: B0966NLTZS: Started tracking price of product - 605.0
2026-07-04 15:37:51,860 INFO: B0966NLTZS: Rating of product is not tracked
2026-07-04 15:37:51,876 INFO: B0966NLTZS: Started tracking rating of product - 4.5
2026-07-04 15:37:51,876 INFO: B0966NLTZS: Saved 1 product metadata in db
2026-07-04 15:37:51,876 INFO: ##2/20: Saving or updating product - B0CL5KNB9M
2026-07-04 15:37:51,892 INFO: B0CL5KNB9M: Product metadata is not available in table
2026-07-04 15:37:51,973 INFO: B0CL5KNB9M: Price of product is not tracked
2026-07-04 15:37:51,990 INFO: B0CL5KNB9M: Started tracking price of product - 599.0
2026-07-04 15:37:52,055 INFO: B0CL5KNB9M: Rating of product is not tracked
2026-07-04 15:37:52,070 INFO: B0CL5KNB9M: Started tracking rating of product - 4.8
2026-07-04 15:37:52,070 INFO: B0CL5KNB9M: Saved 1 product metadata in db
2026-07-04 15:37:52,074 INFO: ##3/20: Saving or updating product - B0BFK8127Y
2026-07-04 15:37:52,085 INFO: B0BFK8127Y: Product metadata is not available in table
2026-07-04 15:37:52,170 INFO: B0BFK8127Y: Price of product is not tracked
2026-07-04 15:37:52,180 INFO: B0BFK8127Y: Started tracking price of product - 609.99
2026-07-04 15:37:52,245 INFO: B0BFK8127Y: Rating of product is not tracked
2026-07-04 15:37:52,261 INFO: B0BFK8127Y: Started tracking rating of product - 4.1
2026-07-04 15:37:52,261 INFO: B0BFK8127Y: Saved 1 product metadata in db
2026-07-04 15:37:52,261 INFO: ##4/20: Saving or updating product - B09W14BJF1
2026-07-04 15:37:52,274 INFO: B09W14BJF1: Product metadata is not available in table
2026-07-04 15:37:52,358 INFO: B09W14BJF1: Price of product is not tracked
2026-07-04 15:37:52,374 INFO: B09W14BJF1: Started tracking price of product - 654.99
2026-07-04 15:37:52,429 INFO: B09W14BJF1: Rating of product is not tracked
2026-07-04 15:37:52,440 INFO: B09W14BJF1: Started tracking rating of product - 4.3
2026-07-04 15:37:52,440 INFO: B09W14BJF1: Saved 1 product metadata in db
2026-07-04 15:37:52,440 INFO: ##5/20: Saving or updating product - B0D4RJGFDT
2026-07-04 15:37:52,452 INFO: B0D4RJGFDT: Product metadata is not available in table
2026-07-04 15:37:52,532 INFO: B0D4RJGFDT: Price of product is not tracked
2026-07-04 15:37:52,533 INFO: B0D4RJGFDT: Started tracking price of product - 25.38
2026-07-04 15:37:52,609 INFO: B0D4RJGFDT: Rating of product is not tracked
2026-07-04 15:37:52,611 INFO: B0D4RJGFDT: Started tracking rating of product - 4.7
2026-07-04 15:37:52,611 INFO: B0D4RJGFDT: Saved 1 product metadata in db
2026-07-04 15:37:52,611 INFO: ##6/20: Saving or updating product - B0C48B3RGL
2026-07-04 15:37:52,628 INFO: B0C48B3RGL: Product metadata is not available in table
2026-07-04 15:37:52,722 INFO: B0C48B3RGL: Price of product is not tracked
2026-07-04 15:37:52,738 INFO: B0C48B3RGL: Started tracking price of product - 219.99
2026-07-04 15:37:52,802 INFO: B0C48B3RGL: Rating of product is not tracked
2026-07-04 15:37:52,811 INFO: B0C48B3RGL: Started tracking rating of product - 4.8
2026-07-04 15:37:52,811 INFO: B0C48B3RGL: Saved 1 product metadata in db
2026-07-04 15:37:52,811 INFO: ##7/20: Saving or updating product - B0DK6225DY
2026-07-04 15:37:52,824 INFO: B0DK6225DY: Product metadata is not available in table
2026-07-04 15:37:52,881 INFO: B0DK6225DY: Price of product is not tracked
2026-07-04 15:37:52,898 INFO: B0DK6225DY: Started tracking price of product - 48.99
2026-07-04 15:37:52,964 INFO: B0DK6225DY: Rating of product is not tracked
2026-07-04 15:37:52,978 INFO: B0DK6225DY: Started tracking rating of product - 4.8
2026-07-04 15:37:52,978 INFO: B0DK6225DY: Saved 1 product metadata in db
2026-07-04 15:37:52,978 INFO: ##8/20: Saving or updating product - B0GKHMCC5V
2026-07-04 15:37:52,978 INFO: B0GKHMCC5V: Product metadata is not available in table
2026-07-04 15:37:53,058 INFO: B0GKHMCC5V: Price of product is not tracked
2026-07-04 15:37:53,074 INFO: B0GKHMCC5V: Started tracking price of product - 62.5
2026-07-04 15:37:53,125 INFO: B0GKHMCC5V: Rating of product is not tracked
2026-07-04 15:37:53,138 INFO: B0GKHMCC5V: Started tracking rating of product - 4.7
2026-07-04 15:37:53,138 INFO: B0GKHMCC5V: Saved 1 product metadata in db
2026-07-04 15:37:53,138 INFO: ##9/20: Saving or updating product - B09B1XX1PN
2026-07-04 15:37:53,153 INFO: B09B1XX1PN: Product metadata is not available in table
2026-07-04 15:37:53,226 INFO: B09B1XX1PN: Price of product is not tracked
2026-07-04 15:37:53,238 INFO: B09B1XX1PN: Started tracking price of product - 21.49
2026-07-04 15:37:53,297 INFO: B09B1XX1PN: Rating of product is not tracked
2026-07-04 15:37:53,317 INFO: B09B1XX1PN: Started tracking rating of product - 4.8
2026-07-04 15:37:53,317 INFO: B09B1XX1PN: Saved 1 product metadata in db
2026-07-04 15:37:53,317 INFO: ##10/20: Saving or updating product - B0DVMVRN9Z
2026-07-04 15:37:53,330 INFO: B0DVMVRN9Z: Product metadata is not available in table
2026-07-04 15:37:53,412 INFO: B0DVMVRN9Z: Price of product is not tracked
2026-07-04 15:37:53,423 INFO: B0DVMVRN9Z: Started tracking price of product - 30.8
2026-07-04 15:37:53,471 INFO: B0DVMVRN9Z: Rating of product is not tracked
2026-07-04 15:37:53,495 INFO: B0DVMVRN9Z: Started tracking rating of product - 4.5
2026-07-04 15:37:53,495 INFO: B0DVMVRN9Z: Saved 1 product metadata in db
2026-07-04 15:37:53,495 INFO: ##11/20: Saving or updating product - B0F6F41T4H
2026-07-04 15:37:53,507 INFO: B0F6F41T4H: Product metadata is not available in table
2026-07-04 15:37:53,571 INFO: B0F6F41T4H: Price of product is not tracked
2026-07-04 15:37:53,571 INFO: B0F6F41T4H: Started tracking price of product - 65.99
2026-07-04 15:37:53,631 INFO: B0F6F41T4H: Rating of product is not tracked
2026-07-04 15:37:53,647 INFO: B0F6F41T4H: Started tracking rating of product - 4.8
2026-07-04 15:37:53,647 INFO: B0F6F41T4H: Saved 1 product metadata in db
2026-07-04 15:37:53,647 INFO: ##12/20: Saving or updating product - B0G5RRPGFF
2026-07-04 15:37:53,657 INFO: B0G5RRPGFF: Product metadata is not available in table
2026-07-04 15:37:53,744 INFO: B0G5RRPGFF: Price of product is not tracked
2026-07-04 15:37:53,760 INFO: B0G5RRPGFF: Started tracking price of product - 67.91
2026-07-04 15:37:53,807 INFO: B0G5RRPGFF: Rating of product is not tracked
2026-07-04 15:37:53,824 INFO: B0G5RRPGFF: Started tracking rating of product - 4.5
2026-07-04 15:37:53,824 INFO: B0G5RRPGFF: Saved 1 product metadata in db
2026-07-04 15:37:53,834 INFO: ##13/20: Saving or updating product - B0FXHFWW37
2026-07-04 15:37:53,840 INFO: B0FXHFWW37: Product metadata is not available in table
2026-07-04 15:37:53,918 INFO: B0FXHFWW37: Price of product is not tracked
2026-07-04 15:37:53,925 INFO: B0FXHFWW37: Started tracking price of product - 69.99
2026-07-04 15:37:53,983 INFO: B0FXHFWW37: Rating of product is not tracked
2026-07-04 15:37:53,983 INFO: B0FXHFWW37: Started tracking rating of product - 4.5
2026-07-04 15:37:53,983 INFO: B0FXHFWW37: Saved 1 product metadata in db
2026-07-04 15:37:53,983 INFO: ##14/20: Saving or updating product - B0FLYKJB68
2026-07-04 15:37:54,004 INFO: B0FLYKJB68: Product metadata is not available in table
2026-07-04 15:37:54,095 INFO: B0FLYKJB68: Price of product is not tracked
2026-07-04 15:37:54,095 INFO: B0FLYKJB68: Started tracking price of product - 724.99
2026-07-04 15:37:54,178 INFO: B0FLYKJB68: Rating of product is not tracked
2026-07-04 15:37:54,178 INFO: B0FLYKJB68: Started tracking rating of product - 4.7
2026-07-04 15:37:54,178 INFO: B0FLYKJB68: Saved 1 product metadata in db
2026-07-04 15:37:54,178 INFO: ##15/20: Saving or updating product - B0F7MWB9M6
2026-07-04 15:37:54,197 INFO: B0F7MWB9M6: Product metadata is not available in table
2026-07-04 15:37:54,289 INFO: B0F7MWB9M6: Price of product is not tracked
2026-07-04 15:37:54,302 INFO: B0F7MWB9M6: Started tracking price of product - 799.99
2026-07-04 15:37:54,366 INFO: B0F7MWB9M6: Rating of product is not tracked
2026-07-04 15:37:54,368 INFO: B0F7MWB9M6: Started tracking rating of product - 3.8
2026-07-04 15:37:54,368 INFO: B0F7MWB9M6: Saved 1 product metadata in db
2026-07-04 15:37:54,368 INFO: ##16/20: Saving or updating product - B09ZTBHTFZ
2026-07-04 15:37:54,384 INFO: B09ZTBHTFZ: Product metadata is not available in table
2026-07-04 15:37:54,466 INFO: B09ZTBHTFZ: Price of product is not tracked
2026-07-04 15:37:54,478 INFO: B09ZTBHTFZ: Started tracking price of product - 599.0
2026-07-04 15:37:54,558 INFO: B09ZTBHTFZ: Rating of product is not tracked
2026-07-04 15:37:54,573 INFO: B09ZTBHTFZ: Started tracking rating of product - 2.3
2026-07-04 15:37:54,573 INFO: B09ZTBHTFZ: Saved 1 product metadata in db
2026-07-04 15:37:54,573 INFO: ##17/20: Saving or updating product - B0FQK8FQ19
2026-07-04 15:37:54,583 INFO: B0FQK8FQ19: Product metadata is not available in table
2026-07-04 15:37:54,670 INFO: B0FQK8FQ19: Price of product is not tracked
2026-07-04 15:37:54,670 INFO: B0FQK8FQ19: Started tracking price of product - 599.99
2026-07-04 15:37:54,736 INFO: B0FQK8FQ19: Rating of product is not tracked
2026-07-04 15:37:54,753 INFO: B0FQK8FQ19: Started tracking rating of product - 3.2
2026-07-04 15:37:54,753 INFO: B0FQK8FQ19: Saved 1 product metadata in db
2026-07-04 15:37:54,753 INFO: ##18/20: Saving or updating product - B07D5M7SNW
2026-07-04 15:37:54,756 INFO: B07D5M7SNW: Product metadata is not available in table
2026-07-04 15:37:54,846 INFO: B07D5M7SNW: Price of product is not tracked
2026-07-04 15:37:54,863 INFO: B07D5M7SNW: Started tracking price of product - 164.99
2026-07-04 15:37:54,911 INFO: B07D5M7SNW: Rating of product is not tracked
2026-07-04 15:37:54,927 INFO: B07D5M7SNW: Started tracking rating of product - 4.0
2026-07-04 15:37:54,927 INFO: B07D5M7SNW: Saved 1 product metadata in db
2026-07-04 15:37:54,927 INFO: ##19/20: Saving or updating product - B0G6157JKW
2026-07-04 15:37:54,938 INFO: B0G6157JKW: Product metadata is not available in table
2026-07-04 15:37:55,022 INFO: B0G6157JKW: Price of product is not tracked
2026-07-04 15:37:55,039 INFO: B0G6157JKW: Started tracking price of product - 69.0
2026-07-04 15:37:55,093 ERROR: B0G6157JKW: Rating of product not tracked since it is None
2026-07-04 15:37:55,093 INFO: B0G6157JKW: Saved 1 product metadata in db
2026-07-04 15:37:55,093 INFO: ##20/20: Saving or updating product - B09WB2Z7NH
2026-07-04 15:37:55,109 INFO: B09WB2Z7NH: Product metadata is not available in table
2026-07-04 15:37:55,187 INFO: B09WB2Z7NH: Price of product is not tracked
2026-07-04 15:37:55,197 INFO: B09WB2Z7NH: Started tracking price of product - 629.99
2026-07-04 15:37:55,248 INFO: B09WB2Z7NH: Rating of product is not tracked
2026-07-04 15:37:55,261 INFO: B09WB2Z7NH: Started tracking rating of product - 4.1
2026-07-04 15:37:55,261 INFO: B09WB2Z7NH: Saved 1 product metadata in db
2026-07-04 15:37:55,261 INFO: Saved or updated 20 products in db
