2026-07-04 15:25:59,636 INFO: Starting session
2026-07-04 15:25:59,780 INFO: Connected to db - postgres
2026-07-04 15:25:59,817 INFO: Updating the fields of 265 records
2026-07-04 15:25:59,817 INFO: 
Updating record - 1/265

2026-07-04 15:25:59,817 DEBUG: Using proactor: IocpProactor
2026-07-04 15:25:59,820 INFO: https://amazon.in/dp/B0GWJX1N8Y: Pinging amazon url
2026-07-04 15:26:04,600 INFO: Warm-up request completed, cookies acquired, delay - {warmup_delay}
2026-07-04 15:26:04,600 INFO: Attempt 1: GET https://amazon.in/dp/B0GWJX1N8Y
2026-07-04 15:26:07,990 WARNING: CAPTCHA detected on attempt 1
2026-07-04 15:26:07,990 ERROR: Failed to bypass CAPTCHA after all retries
2026-07-04 15:26:07,996 ERROR: B0GWJX1N8Y: Product information was not fetched due to captcha page or other reason, unable to update.
2026-07-04 15:26:07,996 INFO: 
Updating record - 1/265

2026-07-04 15:26:07,999 DEBUG: Using proactor: IocpProactor
2026-07-04 15:26:08,004 INFO: https://amazon.in/dp/B0GVZGZYSS: Pinging amazon url
2026-07-04 15:26:12,943 INFO: Warm-up request completed, cookies acquired, delay - {warmup_delay}
2026-07-04 15:26:12,943 INFO: Attempt 1: GET https://amazon.in/dp/B0GVZGZYSS
2026-07-04 15:26:20,490 INFO: Success: https://amazon.in/dp/B0GVZGZYSS (status 200)
2026-07-04 15:26:20,496 INFO: Estimated size of response - 1458.697265625 KB
